2017-02-15 18:59:25,469 INFO  w.r.s.WotResourceServerApplication - Starting WotResourceServerApplication on Widiyanto with PID 2996 (started by Widiyanto02 in D:\White Open\FIF\Spring Boot\wot_resource_server) 
2017-02-15 18:59:25,475 INFO  w.r.s.WotResourceServerApplication - No active profile set, falling back to default profiles: default 
2017-02-15 18:59:25,546 INFO  o.s.b.c.e.AnnotationConfigEmbeddedWebApplicationContext - Refreshing org.springframework.boot.context.embedded.AnnotationConfigEmbeddedWebApplicationContext@1d082e88: startup date [Wed Feb 15 18:59:25 ICT 2017]; root of context hierarchy 
2017-02-15 18:59:26,091 INFO  o.h.validator.internal.util.Version - HV000001: Hibernate Validator 5.3.4.Final 
2017-02-15 18:59:27,001 INFO  o.s.c.s.PostProcessorRegistrationDelegate$BeanPostProcessorChecker - Bean 'org.springframework.boot.autoconfigure.validation.ValidationAutoConfiguration' of type [class org.springframework.boot.autoconfigure.validation.ValidationAutoConfiguration] is not eligible for getting processed by all BeanPostProcessors (for example: not eligible for auto-proxying) 
2017-02-15 18:59:27,098 INFO  o.s.c.s.PostProcessorRegistrationDelegate$BeanPostProcessorChecker - Bean 'validator' of type [class org.springframework.validation.beanvalidation.LocalValidatorFactoryBean] is not eligible for getting processed by all BeanPostProcessors (for example: not eligible for auto-proxying) 
2017-02-15 18:59:27,553 INFO  o.s.b.c.e.t.TomcatEmbeddedServletContainer - Tomcat initialized with port(s): 10001 (http) 
2017-02-15 18:59:27,572 INFO  o.a.catalina.core.StandardService - Starting service Tomcat 
2017-02-15 18:59:27,574 INFO  o.a.catalina.core.StandardEngine - Starting Servlet Engine: Apache Tomcat/8.5.11 
2017-02-15 18:59:27,747 INFO  o.a.c.c.C.[Tomcat].[localhost].[/] - Initializing Spring embedded WebApplicationContext 
2017-02-15 18:59:27,749 INFO  o.s.web.context.ContextLoader - Root WebApplicationContext: initialization completed in 2203 ms 
2017-02-15 18:59:28,003 INFO  o.s.b.w.s.FilterRegistrationBean - Mapping filter: 'characterEncodingFilter' to: [/*] 
2017-02-15 18:59:28,006 INFO  o.s.b.w.s.DelegatingFilterProxyRegistrationBean - Mapping filter: 'springSecurityFilterChain' to: [/*] 
2017-02-15 18:59:28,007 INFO  o.s.b.w.s.ServletRegistrationBean - Mapping servlet: 'dispatcherServlet' to [/] 
2017-02-15 18:59:28,303 INFO  o.s.w.s.m.m.a.RequestMappingHandlerMapping - Mapped "{[/api/client]}" onto public java.util.Map<java.lang.String, java.lang.Object> wot.resource.server.HaloController.client(java.security.Principal) 
2017-02-15 18:59:28,305 INFO  o.s.w.s.m.m.a.RequestMappingHandlerMapping - Mapped "{[/api/state/new]}" onto public java.util.Map<java.lang.String, java.lang.Object> wot.resource.server.HaloController.newState(javax.servlet.http.HttpSession) 
2017-02-15 18:59:28,306 INFO  o.s.w.s.m.m.a.RequestMappingHandlerMapping - Mapped "{[/api/admin]}" onto public java.util.Map<java.lang.String, java.lang.Object> wot.resource.server.HaloController.admin(java.security.Principal) 
2017-02-15 18:59:28,309 INFO  o.s.w.s.m.m.a.RequestMappingHandlerMapping - Mapped "{[/api/state/verify]}" onto public java.util.Map<java.lang.String, java.lang.Object> wot.resource.server.HaloController.verifyState(javax.servlet.http.HttpSession) 
2017-02-15 18:59:28,309 INFO  o.s.w.s.m.m.a.RequestMappingHandlerMapping - Mapped "{[/api/staff]}" onto public java.util.Map<java.lang.String, java.lang.Object> wot.resource.server.HaloController.staff() 
2017-02-15 18:59:28,309 INFO  o.s.w.s.m.m.a.RequestMappingHandlerMapping - Mapped "{[/api/halo]}" onto public java.util.Map<java.lang.String, java.lang.Object> wot.resource.server.HaloController.halo() 
2017-02-15 18:59:28,318 INFO  o.s.w.s.m.m.a.RequestMappingHandlerMapping - Mapped "{[/error]}" onto public org.springframework.http.ResponseEntity<java.util.Map<java.lang.String, java.lang.Object>> org.springframework.boot.autoconfigure.web.BasicErrorController.error(javax.servlet.http.HttpServletRequest) 
2017-02-15 18:59:28,319 INFO  o.s.w.s.m.m.a.RequestMappingHandlerMapping - Mapped "{[/error],produces=[text/html]}" onto public org.springframework.web.servlet.ModelAndView org.springframework.boot.autoconfigure.web.BasicErrorController.errorHtml(javax.servlet.http.HttpServletRequest,javax.servlet.http.HttpServletResponse) 
2017-02-15 18:59:28,383 INFO  o.s.w.s.h.SimpleUrlHandlerMapping - Mapped URL path [/**] onto handler of type [class org.springframework.web.servlet.resource.DefaultServletHttpRequestHandler] 
2017-02-15 18:59:28,440 INFO  o.s.w.s.m.m.a.RequestMappingHandlerAdapter - Looking for @ControllerAdvice: org.springframework.boot.context.embedded.AnnotationConfigEmbeddedWebApplicationContext@1d082e88: startup date [Wed Feb 15 18:59:25 ICT 2017]; root of context hierarchy 
2017-02-15 18:59:28,668 DEBUG o.s.s.c.a.a.c.AuthenticationConfiguration$EnableGlobalAuthenticationAutowiredConfigurer - Eagerly initializing {securityConfig=wot.resource.server.SecurityConfig$$EnhancerBySpringCGLIB$$690364f@5ba745bc} 
2017-02-15 18:59:28,668 DEBUG o.s.s.c.a.a.c.AuthenticationConfiguration$EnableGlobalAuthenticationAutowiredConfigurer - Eagerly initializing {securityConfig=wot.resource.server.SecurityConfig$$EnhancerBySpringCGLIB$$690364f@5ba745bc} 
2017-02-15 18:59:28,687 INFO  o.s.b.a.s.AuthenticationManagerConfiguration - 

Using default security password: a4faf508-4ec4-44d9-ad39-2fc65e2bc7f3
 
2017-02-15 18:59:28,866 DEBUG o.s.s.c.a.w.c.WebSecurityConfigurerAdapter - Using default configure(HttpSecurity). If subclassed this will potentially override subclass configure(HttpSecurity). 
2017-02-15 18:59:28,866 DEBUG o.s.s.c.a.w.c.WebSecurityConfigurerAdapter - Using default configure(HttpSecurity). If subclassed this will potentially override subclass configure(HttpSecurity). 
2017-02-15 18:59:28,949 DEBUG o.s.s.w.a.e.ExpressionBasedFilterInvocationSecurityMetadataSource - Adding web access control expression 'hasRole('ROLE_STAFF')', for Ant [pattern='/api/staff'] 
2017-02-15 18:59:28,949 DEBUG o.s.s.w.a.e.ExpressionBasedFilterInvocationSecurityMetadataSource - Adding web access control expression 'hasRole('ROLE_STAFF')', for Ant [pattern='/api/staff'] 
2017-02-15 18:59:28,952 DEBUG o.s.s.w.a.e.ExpressionBasedFilterInvocationSecurityMetadataSource - Adding web access control expression '#oauth2.hasScope('trust')', for Ant [pattern='/api/client'] 
2017-02-15 18:59:28,952 DEBUG o.s.s.w.a.e.ExpressionBasedFilterInvocationSecurityMetadataSource - Adding web access control expression '#oauth2.hasScope('trust')', for Ant [pattern='/api/client'] 
2017-02-15 18:59:28,953 DEBUG o.s.s.w.a.e.ExpressionBasedFilterInvocationSecurityMetadataSource - Adding web access control expression 'hasRole('ROLE_ADMIN')', for Ant [pattern='/api/admin'] 
2017-02-15 18:59:28,953 DEBUG o.s.s.w.a.e.ExpressionBasedFilterInvocationSecurityMetadataSource - Adding web access control expression 'hasRole('ROLE_ADMIN')', for Ant [pattern='/api/admin'] 
2017-02-15 18:59:28,963 DEBUG o.s.s.w.a.i.FilterSecurityInterceptor - Validated configuration attributes 
2017-02-15 18:59:28,963 DEBUG o.s.s.w.a.i.FilterSecurityInterceptor - Validated configuration attributes 
2017-02-15 18:59:28,976 DEBUG o.s.s.w.a.i.FilterSecurityInterceptor - Validated configuration attributes 
2017-02-15 18:59:28,976 DEBUG o.s.s.w.a.i.FilterSecurityInterceptor - Validated configuration attributes 
2017-02-15 18:59:28,982 INFO  o.s.s.w.DefaultSecurityFilterChain - Creating filter chain: org.springframework.security.web.util.matcher.AnyRequestMatcher@1, [org.springframework.security.web.context.request.async.WebAsyncManagerIntegrationFilter@201aa8c1, org.springframework.security.web.context.SecurityContextPersistenceFilter@1c12f3ee, org.springframework.security.web.header.HeaderWriterFilter@42f22995, org.springframework.security.web.authentication.logout.LogoutFilter@3e9803c2, org.springframework.security.oauth2.provider.authentication.OAuth2AuthenticationProcessingFilter@7004e3d, org.springframework.security.web.savedrequest.RequestCacheAwareFilter@29182679, org.springframework.security.web.servletapi.SecurityContextHolderAwareRequestFilter@682c1e93, org.springframework.security.web.authentication.AnonymousAuthenticationFilter@5d58c727, org.springframework.security.web.session.SessionManagementFilter@286b39c2, org.springframework.security.web.access.ExceptionTranslationFilter@1136b469, org.springframework.security.web.access.intercept.FilterSecurityInterceptor@1869f114] 
2017-02-15 18:59:28,982 INFO  o.s.s.w.DefaultSecurityFilterChain - Creating filter chain: org.springframework.security.web.util.matcher.AnyRequestMatcher@1, [org.springframework.security.web.context.request.async.WebAsyncManagerIntegrationFilter@201aa8c1, org.springframework.security.web.context.SecurityContextPersistenceFilter@1c12f3ee, org.springframework.security.web.header.HeaderWriterFilter@42f22995, org.springframework.security.web.authentication.logout.LogoutFilter@3e9803c2, org.springframework.security.oauth2.provider.authentication.OAuth2AuthenticationProcessingFilter@7004e3d, org.springframework.security.web.savedrequest.RequestCacheAwareFilter@29182679, org.springframework.security.web.servletapi.SecurityContextHolderAwareRequestFilter@682c1e93, org.springframework.security.web.authentication.AnonymousAuthenticationFilter@5d58c727, org.springframework.security.web.session.SessionManagementFilter@286b39c2, org.springframework.security.web.access.ExceptionTranslationFilter@1136b469, org.springframework.security.web.access.intercept.FilterSecurityInterceptor@1869f114] 
2017-02-15 18:59:29,003 DEBUG o.s.s.w.a.e.ExpressionBasedFilterInvocationSecurityMetadataSource - Adding web access control expression 'permitAll', for Ant [pattern='/api/halo'] 
2017-02-15 18:59:29,003 DEBUG o.s.s.w.a.e.ExpressionBasedFilterInvocationSecurityMetadataSource - Adding web access control expression 'permitAll', for Ant [pattern='/api/halo'] 
2017-02-15 18:59:29,004 DEBUG o.s.s.w.a.e.ExpressionBasedFilterInvocationSecurityMetadataSource - Adding web access control expression 'permitAll', for Ant [pattern='/api/state/**'] 
2017-02-15 18:59:29,004 DEBUG o.s.s.w.a.e.ExpressionBasedFilterInvocationSecurityMetadataSource - Adding web access control expression 'permitAll', for Ant [pattern='/api/state/**'] 
2017-02-15 18:59:29,005 DEBUG o.s.s.w.a.e.ExpressionBasedFilterInvocationSecurityMetadataSource - Adding web access control expression 'permitAll', for Ant [pattern='/**'] 
2017-02-15 18:59:29,005 DEBUG o.s.s.w.a.e.ExpressionBasedFilterInvocationSecurityMetadataSource - Adding web access control expression 'permitAll', for Ant [pattern='/**'] 
2017-02-15 18:59:29,005 DEBUG o.s.s.w.a.i.FilterSecurityInterceptor - Validated configuration attributes 
2017-02-15 18:59:29,005 DEBUG o.s.s.w.a.i.FilterSecurityInterceptor - Validated configuration attributes 
2017-02-15 18:59:29,006 DEBUG o.s.s.w.a.i.FilterSecurityInterceptor - Validated configuration attributes 
2017-02-15 18:59:29,006 DEBUG o.s.s.w.a.i.FilterSecurityInterceptor - Validated configuration attributes 
2017-02-15 18:59:29,006 INFO  o.s.s.w.DefaultSecurityFilterChain - Creating filter chain: org.springframework.security.web.util.matcher.AnyRequestMatcher@1, [org.springframework.security.web.context.request.async.WebAsyncManagerIntegrationFilter@53dfacba, org.springframework.security.web.context.SecurityContextPersistenceFilter@60723d6a, org.springframework.security.web.header.HeaderWriterFilter@102d92c4, org.springframework.security.web.csrf.CsrfFilter@3241713e, org.springframework.security.web.authentication.logout.LogoutFilter@71178a52, org.springframework.security.web.savedrequest.RequestCacheAwareFilter@18324f97, org.springframework.security.web.servletapi.SecurityContextHolderAwareRequestFilter@64f555e7, org.springframework.security.web.authentication.AnonymousAuthenticationFilter@79767781, org.springframework.security.web.session.SessionManagementFilter@2b97cc1f, org.springframework.security.web.access.ExceptionTranslationFilter@13cd7ea5, org.springframework.security.web.access.intercept.FilterSecurityInterceptor@10ec523c] 
2017-02-15 18:59:29,006 INFO  o.s.s.w.DefaultSecurityFilterChain - Creating filter chain: org.springframework.security.web.util.matcher.AnyRequestMatcher@1, [org.springframework.security.web.context.request.async.WebAsyncManagerIntegrationFilter@53dfacba, org.springframework.security.web.context.SecurityContextPersistenceFilter@60723d6a, org.springframework.security.web.header.HeaderWriterFilter@102d92c4, org.springframework.security.web.csrf.CsrfFilter@3241713e, org.springframework.security.web.authentication.logout.LogoutFilter@71178a52, org.springframework.security.web.savedrequest.RequestCacheAwareFilter@18324f97, org.springframework.security.web.servletapi.SecurityContextHolderAwareRequestFilter@64f555e7, org.springframework.security.web.authentication.AnonymousAuthenticationFilter@79767781, org.springframework.security.web.session.SessionManagementFilter@2b97cc1f, org.springframework.security.web.access.ExceptionTranslationFilter@13cd7ea5, org.springframework.security.web.access.intercept.FilterSecurityInterceptor@10ec523c] 
2017-02-15 18:59:29,025 DEBUG o.s.s.w.a.e.ExpressionBasedFilterInvocationSecurityMetadataSource - Adding web access control expression 'authenticated', for org.springframework.security.web.util.matcher.AnyRequestMatcher@1 
2017-02-15 18:59:29,025 DEBUG o.s.s.w.a.e.ExpressionBasedFilterInvocationSecurityMetadataSource - Adding web access control expression 'authenticated', for org.springframework.security.web.util.matcher.AnyRequestMatcher@1 
2017-02-15 18:59:29,026 DEBUG o.s.s.w.a.i.FilterSecurityInterceptor - Validated configuration attributes 
2017-02-15 18:59:29,026 DEBUG o.s.s.w.a.i.FilterSecurityInterceptor - Validated configuration attributes 
2017-02-15 18:59:29,027 DEBUG o.s.s.w.a.i.FilterSecurityInterceptor - Validated configuration attributes 
2017-02-15 18:59:29,027 DEBUG o.s.s.w.a.i.FilterSecurityInterceptor - Validated configuration attributes 
2017-02-15 18:59:29,042 INFO  o.s.s.w.DefaultSecurityFilterChain - Creating filter chain: org.springframework.security.web.util.matcher.AnyRequestMatcher@1, [org.springframework.security.web.context.request.async.WebAsyncManagerIntegrationFilter@b558294, org.springframework.security.web.context.SecurityContextPersistenceFilter@56de6d6b, org.springframework.security.web.header.HeaderWriterFilter@1280851e, org.springframework.security.web.csrf.CsrfFilter@13a37e2a, org.springframework.security.web.authentication.logout.LogoutFilter@749f539e, org.springframework.security.web.authentication.UsernamePasswordAuthenticationFilter@997d532, org.springframework.security.web.authentication.ui.DefaultLoginPageGeneratingFilter@31e32ea2, org.springframework.security.web.authentication.www.BasicAuthenticationFilter@3028e50e, org.springframework.security.web.savedrequest.RequestCacheAwareFilter@5972d253, org.springframework.security.web.servletapi.SecurityContextHolderAwareRequestFilter@4fcc0416, org.springframework.security.web.authentication.AnonymousAuthenticationFilter@bb095, org.springframework.security.web.session.SessionManagementFilter@5e840abf, org.springframework.security.web.access.ExceptionTranslationFilter@a50ae65, org.springframework.security.web.access.intercept.FilterSecurityInterceptor@6075b2d3] 
2017-02-15 18:59:29,042 INFO  o.s.s.w.DefaultSecurityFilterChain - Creating filter chain: org.springframework.security.web.util.matcher.AnyRequestMatcher@1, [org.springframework.security.web.context.request.async.WebAsyncManagerIntegrationFilter@b558294, org.springframework.security.web.context.SecurityContextPersistenceFilter@56de6d6b, org.springframework.security.web.header.HeaderWriterFilter@1280851e, org.springframework.security.web.csrf.CsrfFilter@13a37e2a, org.springframework.security.web.authentication.logout.LogoutFilter@749f539e, org.springframework.security.web.authentication.UsernamePasswordAuthenticationFilter@997d532, org.springframework.security.web.authentication.ui.DefaultLoginPageGeneratingFilter@31e32ea2, org.springframework.security.web.authentication.www.BasicAuthenticationFilter@3028e50e, org.springframework.security.web.savedrequest.RequestCacheAwareFilter@5972d253, org.springframework.security.web.servletapi.SecurityContextHolderAwareRequestFilter@4fcc0416, org.springframework.security.web.authentication.AnonymousAuthenticationFilter@bb095, org.springframework.security.web.session.SessionManagementFilter@5e840abf, org.springframework.security.web.access.ExceptionTranslationFilter@a50ae65, org.springframework.security.web.access.intercept.FilterSecurityInterceptor@6075b2d3] 
2017-02-15 18:59:29,047 WARN  o.s.s.c.a.web.builders.WebSecurity - 

********************************************************************
**********        Security debugging is enabled.       *************
**********    This may include sensitive information.  *************
**********      Do not use in a production system!     *************
********************************************************************

 
2017-02-15 18:59:29,047 WARN  o.s.s.c.a.web.builders.WebSecurity - 

********************************************************************
**********        Security debugging is enabled.       *************
**********    This may include sensitive information.  *************
**********      Do not use in a production system!     *************
********************************************************************

 
2017-02-15 18:59:29,567 INFO  o.s.j.e.a.AnnotationMBeanExporter - Registering beans for JMX exposure on startup 
2017-02-15 18:59:29,595 INFO  o.a.coyote.http11.Http11NioProtocol - Initializing ProtocolHandler ["http-nio-10001"] 
2017-02-15 18:59:29,613 INFO  o.a.coyote.http11.Http11NioProtocol - Starting ProtocolHandler [http-nio-10001] 
2017-02-15 18:59:29,628 INFO  o.a.tomcat.util.net.NioSelectorPool - Using a shared selector for servlet write/read 
2017-02-15 18:59:29,651 INFO  o.s.b.c.e.t.TomcatEmbeddedServletContainer - Tomcat started on port(s): 10001 (http) 
2017-02-15 18:59:29,657 INFO  w.r.s.WotResourceServerApplication - Started WotResourceServerApplication in 4.546 seconds (JVM running for 5.695) 
